<?xml version="1.0" encoding="UTF-8"?>
<testng-results skipped="0" failed="0" total="4" passed="4">
  <reporter-output>
    <line>
      <![CDATA[2018-11-13 10:26:40,336 INFO  com.liveguru.TC_07_CreateAccountByDataProvider - Before Class: Open Url of Login Page
]]>
    </line>
    <line>
      <![CDATA[2018-11-13 10:26:48,202 INFO  com.liveguru.TC_07_CreateAccountByDataProvider - Thank you for registering with Main Website Store. is equals Thank you for registering with Main Website Store.
]]>
    </line>
    <line>
      <![CDATA[2018-11-13 10:26:48,202 INFO  com.liveguru.TC_07_CreateAccountByDataProvider - ----------------- PASSED -----------------
]]>
    </line>
    <line>
      <![CDATA[2018-11-13 10:26:52,821 INFO  com.liveguru.TC_07_CreateAccountByDataProvider - Your Wishlist has been shared. is equals Your Wishlist has been shared.
]]>
    </line>
    <line>
      <![CDATA[2018-11-13 10:26:52,821 INFO  com.liveguru.TC_07_CreateAccountByDataProvider - ----------------- PASSED -----------------
]]>
    </line>
    <line>
      <![CDATA[2018-11-13 10:26:56,860 INFO  com.liveguru.TC_07_CreateAccountByDataProvider - Thank you for registering with Main Website Store. is equals Thank you for registering with Main Website Store.
]]>
    </line>
    <line>
      <![CDATA[2018-11-13 10:26:56,860 INFO  com.liveguru.TC_07_CreateAccountByDataProvider - ----------------- PASSED -----------------
]]>
    </line>
    <line>
      <![CDATA[2018-11-13 10:27:00,339 INFO  com.liveguru.TC_07_CreateAccountByDataProvider - Your Wishlist has been shared. is equals Your Wishlist has been shared.
]]>
    </line>
    <line>
      <![CDATA[2018-11-13 10:27:00,339 INFO  com.liveguru.TC_07_CreateAccountByDataProvider - ----------------- PASSED -----------------
]]>
    </line>
    <line>
      <![CDATA[2018-11-13 10:27:04,316 INFO  com.liveguru.TC_07_CreateAccountByDataProvider - Thank you for registering with Main Website Store. is equals Thank you for registering with Main Website Store.
]]>
    </line>
    <line>
      <![CDATA[2018-11-13 10:27:04,316 INFO  com.liveguru.TC_07_CreateAccountByDataProvider - ----------------- PASSED -----------------
]]>
    </line>
    <line>
      <![CDATA[2018-11-13 10:27:07,463 INFO  com.liveguru.TC_07_CreateAccountByDataProvider - Your Wishlist has been shared. is equals Your Wishlist has been shared.
]]>
    </line>
    <line>
      <![CDATA[2018-11-13 10:27:07,463 INFO  com.liveguru.TC_07_CreateAccountByDataProvider - ----------------- PASSED -----------------
]]>
    </line>
    <line>
      <![CDATA[2018-11-13 10:27:11,574 INFO  com.liveguru.TC_07_CreateAccountByDataProvider - Thank you for registering with Main Website Store. is equals Thank you for registering with Main Website Store.
]]>
    </line>
    <line>
      <![CDATA[2018-11-13 10:27:11,574 INFO  com.liveguru.TC_07_CreateAccountByDataProvider - ----------------- PASSED -----------------
]]>
    </line>
    <line>
      <![CDATA[2018-11-13 10:27:14,855 INFO  com.liveguru.TC_07_CreateAccountByDataProvider - Your Wishlist has been shared. is equals Your Wishlist has been shared.
]]>
    </line>
    <line>
      <![CDATA[2018-11-13 10:27:14,855 INFO  com.liveguru.TC_07_CreateAccountByDataProvider - ----------------- PASSED -----------------
]]>
    </line>
  </reporter-output>
  <suite name="Suite" duration-ms="39789" started-at="2018-11-13T03:26:36Z" finished-at="2018-11-13T03:27:16Z">
    <groups>
    </groups>
    <test name="Run on CHROME" duration-ms="39789" started-at="2018-11-13T03:26:36Z" finished-at="2018-11-13T03:27:16Z">
      <class name="com.liveguru.TC_07_CreateAccountByDataProvider">
        <test-method status="PASS" signature="beforeClass(java.lang.String, java.lang.String, java.lang.String)[pri:0, instance:com.liveguru.TC_07_CreateAccountByDataProvider@2bea5ab4]" name="beforeClass" is-config="true" duration-ms="7939" started-at="2018-11-13T10:26:36Z" finished-at="2018-11-13T10:26:44Z">
          <params>
            <param index="0">
              <value>
                <![CDATA[chrome]]>
              </value>
            </param>
            <param index="1">
              <value>
                <![CDATA[2.41]]>
              </value>
            </param>
            <param index="2">
              <value>
                <![CDATA[http://live.guru99.com/]]>
              </value>
            </param>
          </params>
          <reporter-output>
            <line>
              <![CDATA[2018-11-13 10:26:40,336 INFO  com.liveguru.TC_07_CreateAccountByDataProvider - Before Class: Open Url of Login Page
]]>
            </line>
          </reporter-output>
        </test-method> <!-- beforeClass -->
        <test-method status="PASS" signature="TC_01_CreateAccAndShareWishlist(java.lang.String, java.lang.String)[pri:0, instance:com.liveguru.TC_07_CreateAccountByDataProvider@2bea5ab4]" name="TC_01_CreateAccAndShareWishlist" duration-ms="9102" started-at="2018-11-13T10:26:44Z" data-provider="Authentication" finished-at="2018-11-13T10:26:54Z">
          <params>
            <param index="0">
              <value>
                <![CDATA[testuser_1]]>
              </value>
            </param>
            <param index="1">
              <value>
                <![CDATA[12345678]]>
              </value>
            </param>
          </params>
          <reporter-output>
            <line>
              <![CDATA[2018-11-13 10:26:48,202 INFO  com.liveguru.TC_07_CreateAccountByDataProvider - Thank you for registering with Main Website Store. is equals Thank you for registering with Main Website Store.
]]>
            </line>
            <line>
              <![CDATA[2018-11-13 10:26:48,202 INFO  com.liveguru.TC_07_CreateAccountByDataProvider - ----------------- PASSED -----------------
]]>
            </line>
            <line>
              <![CDATA[2018-11-13 10:26:52,821 INFO  com.liveguru.TC_07_CreateAccountByDataProvider - Your Wishlist has been shared. is equals Your Wishlist has been shared.
]]>
            </line>
            <line>
              <![CDATA[2018-11-13 10:26:52,821 INFO  com.liveguru.TC_07_CreateAccountByDataProvider - ----------------- PASSED -----------------
]]>
            </line>
          </reporter-output>
        </test-method> <!-- TC_01_CreateAccAndShareWishlist -->
        <test-method status="PASS" signature="TC_01_CreateAccAndShareWishlist(java.lang.String, java.lang.String)[pri:0, instance:com.liveguru.TC_07_CreateAccountByDataProvider@2bea5ab4]" name="TC_01_CreateAccAndShareWishlist" duration-ms="7465" started-at="2018-11-13T10:26:54Z" data-provider="Authentication" finished-at="2018-11-13T10:27:01Z">
          <params>
            <param index="0">
              <value>
                <![CDATA[testuser_2]]>
              </value>
            </param>
            <param index="1">
              <value>
                <![CDATA[87654321]]>
              </value>
            </param>
          </params>
          <reporter-output>
            <line>
              <![CDATA[2018-11-13 10:26:56,860 INFO  com.liveguru.TC_07_CreateAccountByDataProvider - Thank you for registering with Main Website Store. is equals Thank you for registering with Main Website Store.
]]>
            </line>
            <line>
              <![CDATA[2018-11-13 10:26:56,860 INFO  com.liveguru.TC_07_CreateAccountByDataProvider - ----------------- PASSED -----------------
]]>
            </line>
            <line>
              <![CDATA[2018-11-13 10:27:00,339 INFO  com.liveguru.TC_07_CreateAccountByDataProvider - Your Wishlist has been shared. is equals Your Wishlist has been shared.
]]>
            </line>
            <line>
              <![CDATA[2018-11-13 10:27:00,339 INFO  com.liveguru.TC_07_CreateAccountByDataProvider - ----------------- PASSED -----------------
]]>
            </line>
          </reporter-output>
        </test-method> <!-- TC_01_CreateAccAndShareWishlist -->
        <test-method status="PASS" signature="TC_01_CreateAccAndShareWishlist(java.lang.String, java.lang.String)[pri:0, instance:com.liveguru.TC_07_CreateAccountByDataProvider@2bea5ab4]" name="TC_01_CreateAccAndShareWishlist" duration-ms="7310" started-at="2018-11-13T10:27:01Z" data-provider="Authentication" finished-at="2018-11-13T10:27:08Z">
          <params>
            <param index="0">
              <value>
                <![CDATA[testuser_11]]>
              </value>
            </param>
            <param index="1">
              <value>
                <![CDATA[12345678]]>
              </value>
            </param>
          </params>
          <reporter-output>
            <line>
              <![CDATA[2018-11-13 10:27:04,316 INFO  com.liveguru.TC_07_CreateAccountByDataProvider - Thank you for registering with Main Website Store. is equals Thank you for registering with Main Website Store.
]]>
            </line>
            <line>
              <![CDATA[2018-11-13 10:27:04,316 INFO  com.liveguru.TC_07_CreateAccountByDataProvider - ----------------- PASSED -----------------
]]>
            </line>
            <line>
              <![CDATA[2018-11-13 10:27:07,463 INFO  com.liveguru.TC_07_CreateAccountByDataProvider - Your Wishlist has been shared. is equals Your Wishlist has been shared.
]]>
            </line>
            <line>
              <![CDATA[2018-11-13 10:27:07,463 INFO  com.liveguru.TC_07_CreateAccountByDataProvider - ----------------- PASSED -----------------
]]>
            </line>
          </reporter-output>
        </test-method> <!-- TC_01_CreateAccAndShareWishlist -->
        <test-method status="PASS" signature="TC_01_CreateAccAndShareWishlist(java.lang.String, java.lang.String)[pri:0, instance:com.liveguru.TC_07_CreateAccountByDataProvider@2bea5ab4]" name="TC_01_CreateAccAndShareWishlist" duration-ms="7363" started-at="2018-11-13T10:27:08Z" data-provider="Authentication" finished-at="2018-11-13T10:27:16Z">
          <params>
            <param index="0">
              <value>
                <![CDATA[testuser_22]]>
              </value>
            </param>
            <param index="1">
              <value>
                <![CDATA[87654321]]>
              </value>
            </param>
          </params>
          <reporter-output>
            <line>
              <![CDATA[2018-11-13 10:27:11,574 INFO  com.liveguru.TC_07_CreateAccountByDataProvider - Thank you for registering with Main Website Store. is equals Thank you for registering with Main Website Store.
]]>
            </line>
            <line>
              <![CDATA[2018-11-13 10:27:11,574 INFO  com.liveguru.TC_07_CreateAccountByDataProvider - ----------------- PASSED -----------------
]]>
            </line>
            <line>
              <![CDATA[2018-11-13 10:27:14,855 INFO  com.liveguru.TC_07_CreateAccountByDataProvider - Your Wishlist has been shared. is equals Your Wishlist has been shared.
]]>
            </line>
            <line>
              <![CDATA[2018-11-13 10:27:14,855 INFO  com.liveguru.TC_07_CreateAccountByDataProvider - ----------------- PASSED -----------------
]]>
            </line>
          </reporter-output>
        </test-method> <!-- TC_01_CreateAccAndShareWishlist -->
        <test-method status="FAIL" signature="afterClass(org.testng.ITestResult)[pri:0, instance:com.liveguru.TC_07_CreateAccountByDataProvider@2bea5ab4]" name="afterClass" is-config="true" duration-ms="0" started-at="2018-11-13T10:27:16Z" finished-at="2018-11-13T10:27:16Z">
          <exception class="java.lang.IllegalArgumentException">
            <message>
              <![CDATA[wrong number of arguments]]>
            </message>
            <full-stacktrace>
              <![CDATA[java.lang.IllegalArgumentException: wrong number of arguments
	at sun.reflect.NativeMethodAccessorImpl.invoke0(Native Method)
	at sun.reflect.NativeMethodAccessorImpl.invoke(NativeMethodAccessorImpl.java:62)
	at sun.reflect.DelegatingMethodAccessorImpl.invoke(DelegatingMethodAccessorImpl.java:43)
	at java.lang.reflect.Method.invoke(Method.java:498)
	at org.testng.internal.MethodInvocationHelper.invokeMethod(MethodInvocationHelper.java:86)
	at org.testng.internal.Invoker.invokeConfigurationMethod(Invoker.java:514)
	at org.testng.internal.Invoker.invokeConfigurations(Invoker.java:215)
	at org.testng.internal.Invoker.invokeConfigurations(Invoker.java:142)
	at org.testng.internal.TestMethodWorker.invokeAfterClassMethods(TestMethodWorker.java:232)
	at org.testng.internal.TestMethodWorker.run(TestMethodWorker.java:115)
	at org.testng.TestRunner.privateRun(TestRunner.java:782)
	at org.testng.TestRunner.run(TestRunner.java:632)
	at org.testng.SuiteRunner.runTest(SuiteRunner.java:366)
	at org.testng.SuiteRunner.runSequentially(SuiteRunner.java:361)
	at org.testng.SuiteRunner.privateRun(SuiteRunner.java:319)
	at org.testng.SuiteRunner.run(SuiteRunner.java:268)
	at org.testng.SuiteRunnerWorker.runSuite(SuiteRunnerWorker.java:52)
	at org.testng.SuiteRunnerWorker.run(SuiteRunnerWorker.java:86)
	at org.testng.TestNG.runSuitesSequentially(TestNG.java:1244)
	at org.testng.TestNG.runSuitesLocally(TestNG.java:1169)
	at org.testng.TestNG.run(TestNG.java:1064)
	at org.testng.remote.RemoteTestNG.run(RemoteTestNG.java:113)
	at org.testng.remote.RemoteTestNG.initAndRun(RemoteTestNG.java:206)
	at org.testng.remote.RemoteTestNG.main(RemoteTestNG.java:177)
]]>
            </full-stacktrace>
          </exception> <!-- java.lang.IllegalArgumentException -->
          <reporter-output>
          </reporter-output>
        </test-method> <!-- afterClass -->
      </class> <!-- com.liveguru.TC_07_CreateAccountByDataProvider -->
    </test> <!-- Run on CHROME -->
  </suite> <!-- Suite -->
</testng-results>
